{"name": "User searches for various queries -- @1.3 ", "status": "broken", "statusDetails": {"message": "selenium.common.exceptions.TimeoutException: Message: timeout: Timed out receiving message from renderer: 10.000\n  (Session info: chrome=125.0.6422.141)\nStacktrace:\n#0 0x565a20bfae3a <unknown>\n#1 0x565a208e445c <unknown>\n#2 0x565a208cb816 <unknown>\n#3 0x565a208cb3f5 <unknown>\n#4 0x565a208c9336 <unknown>\n#5 0x565a208c99af <unknown>\n#6 0x565a208da287 <unknown>\n#7 0x565a208f055e <unknown>\n#8 0x565a208f5c5b <unknown>\n#9 0x565a208ca0fa <unknown>\n#10 0x565a208f02cf <unknown>\n#11 0x565a20972195 <unknown>\n#12 0x565a20953253 <unknown>\n#13 0x565a209231c7 <unknown>\n#14 0x565a20923b3e <unknown>\n#15 0x565a20bc127b <unknown>\n#16 0x565a20bc5327 <unknown>\n#17 0x565a20baddae <unknown>\n#18 0x565a20bc5df2 <unknown>\n#19 0x565a20b9274f <unknown>\n#20 0x565a20bea128 <unknown>\n#21 0x565a20bea2fb <unknown>\n#22 0x565a20bf9f6c <unknown>\n#23 0x7b7c85e9ca94 <unknown>\n#24 0x7b7c85f29c3c <unknown>\n\n", "trace": "  File \"/home/vinay/BehaveBDDHybridFrameWorkWithPageObjectModel/pythonProject1/.venv/lib/python3.12/site-packages/behave/runner.py\", line 545, in run_hook\n    self.hooks[name](context, *args)\n  File \"features/environment.py\", line 49, in after_step\n    allure.attach(context.driver.get_screenshot_as_png(),\n                  ^^^^^^^^^^^^^^^^^^^^^^^^^^^^^^^^^^^^^^\n  File \"/home/vinay/BehaveBDDHybridFrameWorkWithPageObjectModel/pythonProject1/.venv/lib/python3.12/site-packages/selenium/webdriver/remote/webdriver.py\", line 839, in get_screenshot_as_png\n    return b64decode(self.get_screenshot_as_base64().encode(\"ascii\"))\n                     ^^^^^^^^^^^^^^^^^^^^^^^^^^^^^^^\n  File \"/home/vinay/BehaveBDDHybridFrameWorkWithPageObjectModel/pythonProject1/.venv/lib/python3.12/site-packages/selenium/webdriver/remote/webdriver.py\", line 850, in get_screenshot_as_base64\n    return self.execute(Command.SCREENSHOT)[\"value\"]\n           ^^^^^^^^^^^^^^^^^^^^^^^^^^^^^^^^\n  File \"/home/vinay/BehaveBDDHybridFrameWorkWithPageObjectModel/pythonProject1/.venv/lib/python3.12/site-packages/selenium/webdriver/remote/webdriver.py\", line 354, in execute\n    self.error_handler.check_response(response)\n  File \"/home/vinay/BehaveBDDHybridFrameWorkWithPageObjectModel/pythonProject1/.venv/lib/python3.12/site-packages/selenium/webdriver/remote/errorhandler.py\", line 229, in check_response\n    raise exception_class(message, screen, stacktrace)\n"}, "steps": [{"name": "Given I am on the home page", "status": "broken", "statusDetails": {"message": "selenium.common.exceptions.TimeoutException: Message: timeout: Timed out receiving message from renderer: 10.000\n  (Session info: chrome=125.0.6422.141)\nStacktrace:\n#0 0x565a20bfae3a <unknown>\n#1 0x565a208e445c <unknown>\n#2 0x565a208cb816 <unknown>\n#3 0x565a208cb3f5 <unknown>\n#4 0x565a208c9336 <unknown>\n#5 0x565a208c99af <unknown>\n#6 0x565a208da287 <unknown>\n#7 0x565a208f055e <unknown>\n#8 0x565a208f5c5b <unknown>\n#9 0x565a208ca0fa <unknown>\n#10 0x565a208f02cf <unknown>\n#11 0x565a20972195 <unknown>\n#12 0x565a20953253 <unknown>\n#13 0x565a209231c7 <unknown>\n#14 0x565a20923b3e <unknown>\n#15 0x565a20bc127b <unknown>\n#16 0x565a20bc5327 <unknown>\n#17 0x565a20baddae <unknown>\n#18 0x565a20bc5df2 <unknown>\n#19 0x565a20b9274f <unknown>\n#20 0x565a20bea128 <unknown>\n#21 0x565a20bea2fb <unknown>\n#22 0x565a20bf9f6c <unknown>\n#23 0x7b7c85e9ca94 <unknown>\n#24 0x7b7c85f29c3c <unknown>\n\n", "trace": "  File \"/home/vinay/BehaveBDDHybridFrameWorkWithPageObjectModel/pythonProject1/.venv/lib/python3.12/site-packages/behave/runner.py\", line 545, in run_hook\n    self.hooks[name](context, *args)\n  File \"features/environment.py\", line 49, in after_step\n    allure.attach(context.driver.get_screenshot_as_png(),\n                  ^^^^^^^^^^^^^^^^^^^^^^^^^^^^^^^^^^^^^^\n  File \"/home/vinay/BehaveBDDHybridFrameWorkWithPageObjectModel/pythonProject1/.venv/lib/python3.12/site-packages/selenium/webdriver/remote/webdriver.py\", line 839, in get_screenshot_as_png\n    return b64decode(self.get_screenshot_as_base64().encode(\"ascii\"))\n                     ^^^^^^^^^^^^^^^^^^^^^^^^^^^^^^^\n  File \"/home/vinay/BehaveBDDHybridFrameWorkWithPageObjectModel/pythonProject1/.venv/lib/python3.12/site-packages/selenium/webdriver/remote/webdriver.py\", line 850, in get_screenshot_as_base64\n    return self.execute(Command.SCREENSHOT)[\"value\"]\n           ^^^^^^^^^^^^^^^^^^^^^^^^^^^^^^^^\n  File \"/home/vinay/BehaveBDDHybridFrameWorkWithPageObjectModel/pythonProject1/.venv/lib/python3.12/site-packages/selenium/webdriver/remote/webdriver.py\", line 354, in execute\n    self.error_handler.check_response(response)\n  File \"/home/vinay/BehaveBDDHybridFrameWorkWithPageObjectModel/pythonProject1/.venv/lib/python3.12/site-packages/selenium/webdriver/remote/errorhandler.py\", line 229, in check_response\n    raise exception_class(message, screen, stacktrace)\n"}, "start": 1719682495252, "stop": 1719682515297}, {"name": "When I click on the search button", "status": "skipped", "start": 1719682515374, "stop": 1719682515374}, {"name": "And I enter the search query \"cricket\"", "status": "skipped", "start": 1719682515374, "stop": 1719682515374}, {"name": "Then I should see the search results", "status": "skipped", "start": 1719682515374, "stop": 1719682515374}], "parameters": [{"name": "query", "value": "cricket"}], "start": 1719682481259, "stop": 1719682515374, "uuid": "9b49c2d6-dbc0-42cc-8491-8265091f199f", "historyId": "b9c5bd0ee41c7b890900528610007409", "fullName": "Search functionality: User searches for various queries", "labels": [{"name": "severity", "value": "normal"}, {"name": "feature", "value": "Search functionality"}, {"name": "framework", "value": "behave"}, {"name": "language", "value": "cpython3"}]}