{"name": "User searches for various queries -- @1.4 ", "status": "broken", "statusDetails": {"message": "selenium.common.exceptions.TimeoutException: Message: timeout: Timed out receiving message from renderer: 10.000\n  (Session info: chrome=125.0.6422.141)\nStacktrace:\n#0 0x61113adbee3a <unknown>\n#1 0x61113aaa845c <unknown>\n#2 0x61113aa8f816 <unknown>\n#3 0x61113aa8f3f5 <unknown>\n#4 0x61113aa8d336 <unknown>\n#5 0x61113aa8d9af <unknown>\n#6 0x61113aa9e287 <unknown>\n#7 0x61113aab455e <unknown>\n#8 0x61113aab9c5b <unknown>\n#9 0x61113aa8e0fa <unknown>\n#10 0x61113aab42cf <unknown>\n#11 0x61113ab36195 <unknown>\n#12 0x61113ab17253 <unknown>\n#13 0x61113aae71c7 <unknown>\n#14 0x61113aae7b3e <unknown>\n#15 0x61113ad8527b <unknown>\n#16 0x61113ad89327 <unknown>\n#17 0x61113ad71dae <unknown>\n#18 0x61113ad89df2 <unknown>\n#19 0x61113ad5674f <unknown>\n#20 0x61113adae128 <unknown>\n#21 0x61113adae2fb <unknown>\n#22 0x61113adbdf6c <unknown>\n#23 0x717b4bc9ca94 <unknown>\n#24 0x717b4bd29c3c <unknown>\n\n", "trace": "  File \"/home/vinay/BehaveBDDHybridFrameWorkWithPageObjectModel/pythonProject1/.venv/lib/python3.12/site-packages/behave/runner.py\", line 545, in run_hook\n    self.hooks[name](context, *args)\n  File \"features/environment.py\", line 48, in after_step\n    allure.attach(context.driver.get_screenshot_as_png(),\n                  ^^^^^^^^^^^^^^^^^^^^^^^^^^^^^^^^^^^^^^\n  File \"/home/vinay/BehaveBDDHybridFrameWorkWithPageObjectModel/pythonProject1/.venv/lib/python3.12/site-packages/selenium/webdriver/remote/webdriver.py\", line 839, in get_screenshot_as_png\n    return b64decode(self.get_screenshot_as_base64().encode(\"ascii\"))\n                     ^^^^^^^^^^^^^^^^^^^^^^^^^^^^^^^\n  File \"/home/vinay/BehaveBDDHybridFrameWorkWithPageObjectModel/pythonProject1/.venv/lib/python3.12/site-packages/selenium/webdriver/remote/webdriver.py\", line 850, in get_screenshot_as_base64\n    return self.execute(Command.SCREENSHOT)[\"value\"]\n           ^^^^^^^^^^^^^^^^^^^^^^^^^^^^^^^^\n  File \"/home/vinay/BehaveBDDHybridFrameWorkWithPageObjectModel/pythonProject1/.venv/lib/python3.12/site-packages/selenium/webdriver/remote/webdriver.py\", line 354, in execute\n    self.error_handler.check_response(response)\n  File \"/home/vinay/BehaveBDDHybridFrameWorkWithPageObjectModel/pythonProject1/.venv/lib/python3.12/site-packages/selenium/webdriver/remote/errorhandler.py\", line 229, in check_response\n    raise exception_class(message, screen, stacktrace)\n"}, "steps": [{"name": "Given I am on the home page", "status": "broken", "statusDetails": {"message": "selenium.common.exceptions.TimeoutException: Message: timeout: Timed out receiving message from renderer: 10.000\n  (Session info: chrome=125.0.6422.141)\nStacktrace:\n#0 0x61113adbee3a <unknown>\n#1 0x61113aaa845c <unknown>\n#2 0x61113aa8f816 <unknown>\n#3 0x61113aa8f3f5 <unknown>\n#4 0x61113aa8d336 <unknown>\n#5 0x61113aa8d9af <unknown>\n#6 0x61113aa9e287 <unknown>\n#7 0x61113aab455e <unknown>\n#8 0x61113aab9c5b <unknown>\n#9 0x61113aa8e0fa <unknown>\n#10 0x61113aab42cf <unknown>\n#11 0x61113ab36195 <unknown>\n#12 0x61113ab17253 <unknown>\n#13 0x61113aae71c7 <unknown>\n#14 0x61113aae7b3e <unknown>\n#15 0x61113ad8527b <unknown>\n#16 0x61113ad89327 <unknown>\n#17 0x61113ad71dae <unknown>\n#18 0x61113ad89df2 <unknown>\n#19 0x61113ad5674f <unknown>\n#20 0x61113adae128 <unknown>\n#21 0x61113adae2fb <unknown>\n#22 0x61113adbdf6c <unknown>\n#23 0x717b4bc9ca94 <unknown>\n#24 0x717b4bd29c3c <unknown>\n\n", "trace": "  File \"/home/vinay/BehaveBDDHybridFrameWorkWithPageObjectModel/pythonProject1/.venv/lib/python3.12/site-packages/behave/runner.py\", line 545, in run_hook\n    self.hooks[name](context, *args)\n  File \"features/environment.py\", line 48, in after_step\n    allure.attach(context.driver.get_screenshot_as_png(),\n                  ^^^^^^^^^^^^^^^^^^^^^^^^^^^^^^^^^^^^^^\n  File \"/home/vinay/BehaveBDDHybridFrameWorkWithPageObjectModel/pythonProject1/.venv/lib/python3.12/site-packages/selenium/webdriver/remote/webdriver.py\", line 839, in get_screenshot_as_png\n    return b64decode(self.get_screenshot_as_base64().encode(\"ascii\"))\n                     ^^^^^^^^^^^^^^^^^^^^^^^^^^^^^^^\n  File \"/home/vinay/BehaveBDDHybridFrameWorkWithPageObjectModel/pythonProject1/.venv/lib/python3.12/site-packages/selenium/webdriver/remote/webdriver.py\", line 850, in get_screenshot_as_base64\n    return self.execute(Command.SCREENSHOT)[\"value\"]\n           ^^^^^^^^^^^^^^^^^^^^^^^^^^^^^^^^\n  File \"/home/vinay/BehaveBDDHybridFrameWorkWithPageObjectModel/pythonProject1/.venv/lib/python3.12/site-packages/selenium/webdriver/remote/webdriver.py\", line 354, in execute\n    self.error_handler.check_response(response)\n  File \"/home/vinay/BehaveBDDHybridFrameWorkWithPageObjectModel/pythonProject1/.venv/lib/python3.12/site-packages/selenium/webdriver/remote/errorhandler.py\", line 229, in check_response\n    raise exception_class(message, screen, stacktrace)\n"}, "start": 1719682005225, "stop": 1719682025284}, {"name": "When I click on the search button", "status": "skipped", "start": 1719682025409, "stop": 1719682025409}, {"name": "And I enter the search query \"football\"", "status": "skipped", "start": 1719682025409, "stop": 1719682025409}, {"name": "Then I should see the search results", "status": "skipped", "start": 1719682025409, "stop": 1719682025409}], "parameters": [{"name": "query", "value": "football"}], "start": 1719681991234, "stop": 1719682025409, "uuid": "c64756d7-837d-410c-8f77-ef39e3d48be3", "historyId": "48bbee9c5fe47269b18eb92ec72e0cf3", "fullName": "Search functionality: User searches for various queries", "labels": [{"name": "severity", "value": "normal"}, {"name": "feature", "value": "Search functionality"}, {"name": "framework", "value": "behave"}, {"name": "language", "value": "cpython3"}]}