{"name": "User searches for various queries -- @1.2 ", "status": "broken", "statusDetails": {"message": "selenium.common.exceptions.TimeoutException: Message: \n\n", "trace": "  File \"/home/vinay/BehaveBDDHybridFrameWorkWithPageObjectModel/pythonProject1/.venv/lib/python3.12/site-packages/behave/model.py\", line 1329, in run\n    match.run(runner.context)\n  File \"/home/vinay/BehaveBDDHybridFrameWorkWithPageObjectModel/pythonProject1/.venv/lib/python3.12/site-packages/behave/matchers.py\", line 98, in run\n    self.func(context, *args, **kwargs)\n  File \"features/steps/search.py\", line 12, in step_impl\n    context.home.searching(query)  # Pass the query to the method\n    ^^^^^^^^^^^^^^^^^^^^^^^^^^^^^\n  File \"/home/vinay/BehaveBDDHybridFrameWorkWithPageObjectModel/pythonProject1/features/pages/HomePg.py\", line 25, in searching\n    self.clicking(\"search_query_id\", self.search_query_id)\n  File \"/home/vinay/BehaveBDDHybridFrameWorkWithPageObjectModel/pythonProject1/features/pages/BasePg.py\", line 21, in clicking\n    WebDriverWait(self.driver, 10).until(EC.element_to_be_clickable(element)).click()\n    ^^^^^^^^^^^^^^^^^^^^^^^^^^^^^^^^^^^^^^^^^^^^^^^^^^^^^^^^^^^^^^^^^^^^^^^^^\n  File \"/home/vinay/BehaveBDDHybridFrameWorkWithPageObjectModel/pythonProject1/.venv/lib/python3.12/site-packages/selenium/webdriver/support/wait.py\", line 105, in until\n    raise TimeoutException(message, screen, stacktrace)\n"}, "steps": [{"name": "Given I am on the home page", "status": "passed", "start": 1719682468499, "stop": 1719682468510}, {"name": "When I click on the search button", "status": "passed", "start": 1719682468510, "stop": 1719682470650}, {"name": "And I enter the search query \"sports\"", "status": "broken", "statusDetails": {"message": "selenium.common.exceptions.TimeoutException: Message: \n\n", "trace": "  File \"/home/vinay/BehaveBDDHybridFrameWorkWithPageObjectModel/pythonProject1/.venv/lib/python3.12/site-packages/behave/model.py\", line 1329, in run\n    match.run(runner.context)\n  File \"/home/vinay/BehaveBDDHybridFrameWorkWithPageObjectModel/pythonProject1/.venv/lib/python3.12/site-packages/behave/matchers.py\", line 98, in run\n    self.func(context, *args, **kwargs)\n  File \"features/steps/search.py\", line 12, in step_impl\n    context.home.searching(query)  # Pass the query to the method\n    ^^^^^^^^^^^^^^^^^^^^^^^^^^^^^\n  File \"/home/vinay/BehaveBDDHybridFrameWorkWithPageObjectModel/pythonProject1/features/pages/HomePg.py\", line 25, in searching\n    self.clicking(\"search_query_id\", self.search_query_id)\n  File \"/home/vinay/BehaveBDDHybridFrameWorkWithPageObjectModel/pythonProject1/features/pages/BasePg.py\", line 21, in clicking\n    WebDriverWait(self.driver, 10).until(EC.element_to_be_clickable(element)).click()\n    ^^^^^^^^^^^^^^^^^^^^^^^^^^^^^^^^^^^^^^^^^^^^^^^^^^^^^^^^^^^^^^^^^^^^^^^^^\n  File \"/home/vinay/BehaveBDDHybridFrameWorkWithPageObjectModel/pythonProject1/.venv/lib/python3.12/site-packages/selenium/webdriver/support/wait.py\", line 105, in until\n    raise TimeoutException(message, screen, stacktrace)\n"}, "attachments": [{"name": "failed_step_screenshot", "source": "72410ce4-5523-4ea6-a556-da0dc9bfc43f-attachment.png", "type": "image/png"}], "start": 1719682470650, "stop": 1719682481187}, {"name": "Then I should see the search results", "status": "skipped", "start": 1719682481258, "stop": 1719682481258}], "parameters": [{"name": "query", "value": "sports"}], "start": 1719682454587, "stop": 1719682481258, "uuid": "367cfbfe-7126-4eaf-b2fa-67788b153fe6", "historyId": "267dd0b0943ab9e9845260448f8377ef", "fullName": "Search functionality: User searches for various queries", "labels": [{"name": "severity", "value": "normal"}, {"name": "feature", "value": "Search functionality"}, {"name": "framework", "value": "behave"}, {"name": "language", "value": "cpython3"}]}