{"name": "User searches for various queries -- @1.3 ", "status": "broken", "statusDetails": {"message": "selenium.common.exceptions.WebDriverException: Message: disconnected: not connected to DevTools\n  (failed to check if window was closed: disconnected: not connected to DevTools)\n  (Session info: chrome=125.0.6422.141)\nStacktrace:\n#0 0x64a88528fe3a <unknown>\n#1 0x64a884f7945c <unknown>\n#2 0x64a884f5ef68 <unknown>\n#3 0x64a884f5ee43 <unknown>\n#4 0x64a884f7b862 <unknown>\n#5 0x64a885006c9c <unknown>\n#6 0x64a884fe8253 <unknown>\n#7 0x64a884fb81c7 <unknown>\n#8 0x64a884fb8b3e <unknown>\n#9 0x64a88525627b <unknown>\n#10 0x64a88525a327 <unknown>\n#11 0x64a885242dae <unknown>\n#12 0x64a88525adf2 <unknown>\n#13 0x64a88522774f <unknown>\n#14 0x64a88527f128 <unknown>\n#15 0x64a88527f2fb <unknown>\n#16 0x64a88528ef6c <unknown>\n#17 0x7928b289ca94 <unknown>\n#18 0x7928b2929c3c <unknown>\n\n", "trace": "  File \"/home/vinay/BehaveBDDHybridFrameWorkWithPageObjectModel/pythonProject1/.venv/lib/python3.12/site-packages/behave/runner.py\", line 545, in run_hook\n    self.hooks[name](context, *args)\n  File \"features/environment.py\", line 43, in after_step\n    allure.attach(context.driver.get_screenshot_as_png(),\n                  ^^^^^^^^^^^^^^^^^^^^^^^^^^^^^^^^^^^^^^\n  File \"/home/vinay/BehaveBDDHybridFrameWorkWithPageObjectModel/pythonProject1/.venv/lib/python3.12/site-packages/selenium/webdriver/remote/webdriver.py\", line 839, in get_screenshot_as_png\n    return b64decode(self.get_screenshot_as_base64().encode(\"ascii\"))\n                     ^^^^^^^^^^^^^^^^^^^^^^^^^^^^^^^\n  File \"/home/vinay/BehaveBDDHybridFrameWorkWithPageObjectModel/pythonProject1/.venv/lib/python3.12/site-packages/selenium/webdriver/remote/webdriver.py\", line 850, in get_screenshot_as_base64\n    return self.execute(Command.SCREENSHOT)[\"value\"]\n           ^^^^^^^^^^^^^^^^^^^^^^^^^^^^^^^^\n  File \"/home/vinay/BehaveBDDHybridFrameWorkWithPageObjectModel/pythonProject1/.venv/lib/python3.12/site-packages/selenium/webdriver/remote/webdriver.py\", line 354, in execute\n    self.error_handler.check_response(response)\n  File \"/home/vinay/BehaveBDDHybridFrameWorkWithPageObjectModel/pythonProject1/.venv/lib/python3.12/site-packages/selenium/webdriver/remote/errorhandler.py\", line 229, in check_response\n    raise exception_class(message, screen, stacktrace)\n"}, "steps": [{"name": "Given I am on the home page", "status": "passed", "start": 1719680642267, "stop": 1719680642276}, {"name": "When I click on the search button", "status": "passed", "start": 1719680642276, "stop": 1719680644374}, {"name": "And I enter the search query \"cricket\"", "status": "broken", "statusDetails": {"message": "selenium.common.exceptions.WebDriverException: Message: disconnected: not connected to DevTools\n  (failed to check if window was closed: disconnected: not connected to DevTools)\n  (Session info: chrome=125.0.6422.141)\nStacktrace:\n#0 0x64a88528fe3a <unknown>\n#1 0x64a884f7945c <unknown>\n#2 0x64a884f5ef68 <unknown>\n#3 0x64a884f5ee43 <unknown>\n#4 0x64a884f7b862 <unknown>\n#5 0x64a885006c9c <unknown>\n#6 0x64a884fe8253 <unknown>\n#7 0x64a884fb81c7 <unknown>\n#8 0x64a884fb8b3e <unknown>\n#9 0x64a88525627b <unknown>\n#10 0x64a88525a327 <unknown>\n#11 0x64a885242dae <unknown>\n#12 0x64a88525adf2 <unknown>\n#13 0x64a88522774f <unknown>\n#14 0x64a88527f128 <unknown>\n#15 0x64a88527f2fb <unknown>\n#16 0x64a88528ef6c <unknown>\n#17 0x7928b289ca94 <unknown>\n#18 0x7928b2929c3c <unknown>\n\n", "trace": "  File \"/home/vinay/BehaveBDDHybridFrameWorkWithPageObjectModel/pythonProject1/.venv/lib/python3.12/site-packages/behave/runner.py\", line 545, in run_hook\n    self.hooks[name](context, *args)\n  File \"features/environment.py\", line 43, in after_step\n    allure.attach(context.driver.get_screenshot_as_png(),\n                  ^^^^^^^^^^^^^^^^^^^^^^^^^^^^^^^^^^^^^^\n  File \"/home/vinay/BehaveBDDHybridFrameWorkWithPageObjectModel/pythonProject1/.venv/lib/python3.12/site-packages/selenium/webdriver/remote/webdriver.py\", line 839, in get_screenshot_as_png\n    return b64decode(self.get_screenshot_as_base64().encode(\"ascii\"))\n                     ^^^^^^^^^^^^^^^^^^^^^^^^^^^^^^^\n  File \"/home/vinay/BehaveBDDHybridFrameWorkWithPageObjectModel/pythonProject1/.venv/lib/python3.12/site-packages/selenium/webdriver/remote/webdriver.py\", line 850, in get_screenshot_as_base64\n    return self.execute(Command.SCREENSHOT)[\"value\"]\n           ^^^^^^^^^^^^^^^^^^^^^^^^^^^^^^^^\n  File \"/home/vinay/BehaveBDDHybridFrameWorkWithPageObjectModel/pythonProject1/.venv/lib/python3.12/site-packages/selenium/webdriver/remote/webdriver.py\", line 354, in execute\n    self.error_handler.check_response(response)\n  File \"/home/vinay/BehaveBDDHybridFrameWorkWithPageObjectModel/pythonProject1/.venv/lib/python3.12/site-packages/selenium/webdriver/remote/errorhandler.py\", line 229, in check_response\n    raise exception_class(message, screen, stacktrace)\n"}, "start": 1719680644374, "stop": 1719680684516}, {"name": "Then I should see the search results", "status": "skipped", "start": 1719680684548, "stop": 1719680684548}], "parameters": [{"name": "query", "value": "cricket"}], "start": 1719680607780, "stop": 1719680684548, "uuid": "9e1e71da-7b23-4036-b40c-44d99a1c8b01", "historyId": "b9c5bd0ee41c7b890900528610007409", "fullName": "Search functionality: User searches for various queries", "labels": [{"name": "severity", "value": "normal"}, {"name": "feature", "value": "Search functionality"}, {"name": "framework", "value": "behave"}, {"name": "language", "value": "cpython3"}]}