{"name": "User searches for various queries -- @1.2 ", "status": "broken", "statusDetails": {"message": "selenium.common.exceptions.TimeoutException: Message: \n\n", "trace": "  File \"/home/vinay/BehaveBDDHybridFrameWorkWithPageObjectModel/pythonProject1/.venv/lib/python3.12/site-packages/behave/model.py\", line 1329, in run\n    match.run(runner.context)\n  File \"/home/vinay/BehaveBDDHybridFrameWorkWithPageObjectModel/pythonProject1/.venv/lib/python3.12/site-packages/behave/matchers.py\", line 98, in run\n    self.func(context, *args, **kwargs)\n  File \"features/steps/search.py\", line 12, in step_impl\n    context.home.searching(query)  # Pass the query to the method\n    ^^^^^^^^^^^^^^^^^^^^^^^^^^^^^\n  File \"/home/vinay/BehaveBDDHybridFrameWorkWithPageObjectModel/pythonProject1/features/pages/HomePg.py\", line 25, in searching\n    self.clicking(\"search_query_id\", self.search_query_id)\n  File \"/home/vinay/BehaveBDDHybridFrameWorkWithPageObjectModel/pythonProject1/features/pages/BasePg.py\", line 21, in clicking\n    WebDriverWait(self.driver, 10).until(EC.element_to_be_clickable(element)).click()\n    ^^^^^^^^^^^^^^^^^^^^^^^^^^^^^^^^^^^^^^^^^^^^^^^^^^^^^^^^^^^^^^^^^^^^^^^^^\n  File \"/home/vinay/BehaveBDDHybridFrameWorkWithPageObjectModel/pythonProject1/.venv/lib/python3.12/site-packages/selenium/webdriver/support/wait.py\", line 105, in until\n    raise TimeoutException(message, screen, stacktrace)\n"}, "steps": [{"name": "Given I am on the home page", "status": "passed", "start": 1719680594978, "stop": 1719680594989}, {"name": "When I click on the search button", "status": "passed", "start": 1719680594989, "stop": 1719680597104}, {"name": "And I enter the search query \"sports\"", "status": "broken", "statusDetails": {"message": "selenium.common.exceptions.TimeoutException: Message: \n\n", "trace": "  File \"/home/vinay/BehaveBDDHybridFrameWorkWithPageObjectModel/pythonProject1/.venv/lib/python3.12/site-packages/behave/model.py\", line 1329, in run\n    match.run(runner.context)\n  File \"/home/vinay/BehaveBDDHybridFrameWorkWithPageObjectModel/pythonProject1/.venv/lib/python3.12/site-packages/behave/matchers.py\", line 98, in run\n    self.func(context, *args, **kwargs)\n  File \"features/steps/search.py\", line 12, in step_impl\n    context.home.searching(query)  # Pass the query to the method\n    ^^^^^^^^^^^^^^^^^^^^^^^^^^^^^\n  File \"/home/vinay/BehaveBDDHybridFrameWorkWithPageObjectModel/pythonProject1/features/pages/HomePg.py\", line 25, in searching\n    self.clicking(\"search_query_id\", self.search_query_id)\n  File \"/home/vinay/BehaveBDDHybridFrameWorkWithPageObjectModel/pythonProject1/features/pages/BasePg.py\", line 21, in clicking\n    WebDriverWait(self.driver, 10).until(EC.element_to_be_clickable(element)).click()\n    ^^^^^^^^^^^^^^^^^^^^^^^^^^^^^^^^^^^^^^^^^^^^^^^^^^^^^^^^^^^^^^^^^^^^^^^^^\n  File \"/home/vinay/BehaveBDDHybridFrameWorkWithPageObjectModel/pythonProject1/.venv/lib/python3.12/site-packages/selenium/webdriver/support/wait.py\", line 105, in until\n    raise TimeoutException(message, screen, stacktrace)\n"}, "attachments": [{"name": "failed_step_screenshot", "source": "5ca33ac0-1161-436e-a84d-dca7af93f794-attachment.png", "type": "image/png"}], "start": 1719680597104, "stop": 1719680607647}, {"name": "Then I should see the search results", "status": "skipped", "start": 1719680607779, "stop": 1719680607779}], "parameters": [{"name": "query", "value": "sports"}], "start": 1719680472334, "stop": 1719680607779, "uuid": "510a1a89-ad9b-44cd-9fce-a3068b9a356b", "historyId": "267dd0b0943ab9e9845260448f8377ef", "fullName": "Search functionality: User searches for various queries", "labels": [{"name": "severity", "value": "normal"}, {"name": "feature", "value": "Search functionality"}, {"name": "framework", "value": "behave"}, {"name": "language", "value": "cpython3"}]}